Перестроение начато в 18:16...
1>------ Перестроение всех файлов начато: проект: Creative MIDI Generator_VST3ManifestHelper, Конфигурация: Debug x64 ------
2>------ Перестроение всех файлов начато: проект: Creative MIDI Generator_SharedCode, Конфигурация: Debug x64 ------
1>juce_VST3ManifestHelper.cpp
2>RandomGenerator.cpp
2>Scales.cpp
2>HeadlessTester.cpp
2>HeadlessTestRunner.cpp
2>PluginEditor.cpp
2>PluginProcessor.cpp
2>include_juce_audio_basics.cpp
2>include_juce_audio_devices.cpp
2>include_juce_audio_formats.cpp
2>D:\PROG\PYTHON\MIDI gen\juce_port\juce_project\Source\Tests\HeadlessTester.cpp(4,1): error C2512: juce::FileLogger: нет подходящего конструктора по умолчанию
2>    D:\PROG\JUCE\modules\juce_core\logging\juce_FileLogger.h(46,17):
2>     см. объявление "juce::FileLogger"
2>D:\PROG\PYTHON\MIDI gen\juce_port\juce_project\Source\Tests\HeadlessTester.cpp(9,5): error C2679: бинарный "=": не найден оператор, принимающий правый операнд типа "std::unique_ptr<juce::FileLogger,std::default_delete<juce::FileLogger>>" (или приемлемое преобразование отсутствует)
2>    D:\PROG\JUCE\modules\juce_core\logging\juce_FileLogger.h(142,5):
2>    может быть "juce::FileLogger &juce::FileLogger::operator =(const juce::FileLogger &)"
2>        D:\PROG\PYTHON\MIDI gen\juce_port\juce_project\Source\Tests\HeadlessTester.cpp(9,5):
2>        "juce::FileLogger &juce::FileLogger::operator =(const juce::FileLogger &)": невозможно преобразовать аргумент 2 из "std::unique_ptr<juce::FileLogger,std::default_delete<juce::FileLogger>>" в "const juce::FileLogger &"
2>            D:\PROG\PYTHON\MIDI gen\juce_port\juce_project\Source\Tests\HeadlessTester.cpp(9,48):
2>            Причина: невозможно преобразовать "std::unique_ptr<juce::FileLogger,std::default_delete<juce::FileLogger>>" в "const juce::FileLogger"
2>            D:\PROG\PYTHON\MIDI gen\juce_port\juce_project\Source\Tests\HeadlessTester.cpp(9,48):
2>            Для выполнения данного преобразования нет доступного оператора преобразования, определенного пользователем, или вызов оператора невозможен
2>    D:\PROG\PYTHON\MIDI gen\juce_port\juce_project\Source\Tests\HeadlessTester.cpp(9,5):
2>    при попытке сопоставить список аргументов "(juce::FileLogger, std::unique_ptr<juce::FileLogger,std::default_delete<juce::FileLogger>>)"
2>D:\PROG\PYTHON\MIDI gen\juce_port\juce_project\Source\Tests\HeadlessTester.cpp(386,9): error C2451: условное выражение типа "juce::FileLogger" является недопустимым
2>    D:\PROG\PYTHON\MIDI gen\juce_port\juce_project\Source\Tests\HeadlessTester.cpp(386,9):
2>    Для выполнения данного преобразования нет доступного оператора преобразования, определенного пользователем, или вызов оператора невозможен
2>D:\PROG\PYTHON\MIDI gen\juce_port\juce_project\Source\Tests\HeadlessTester.cpp(387,9): error C2819: тип "juce::FileLogger" не имеет перегруженный "operator ->"
2>    D:\PROG\JUCE\modules\juce_core\logging\juce_FileLogger.h(46,17):
2>     см. объявление "juce::FileLogger"
2>    D:\PROG\PYTHON\MIDI gen\juce_port\juce_project\Source\Tests\HeadlessTester.cpp(387,9):
2>    возможно, имеется в виду "."
2>D:\PROG\PYTHON\MIDI gen\juce_port\juce_project\Source\Tests\HeadlessTester.cpp(387,15): error C2232: ->juce::FileLogger::logMessage: левый операнд имеет тип "class", используйте "."
2>D:\PROG\PYTHON\MIDI gen\juce_port\juce_project\Source\PluginProcessor.cpp(70,66): warning C4100: "index": неиспользованный параметр
2>D:\PROG\PYTHON\MIDI gen\juce_port\juce_project\Source\PluginProcessor.cpp(74,77): warning C4100: "index": неиспользованный параметр
2>D:\PROG\PYTHON\MIDI gen\juce_port\juce_project\Source\PluginProcessor.cpp(79,93): warning C4100: "newName": неиспользованный параметр
2>D:\PROG\PYTHON\MIDI gen\juce_port\juce_project\Source\PluginProcessor.cpp(79,66): warning C4100: "index": неиспользованный параметр
2>D:\PROG\PYTHON\MIDI gen\juce_port\juce_project\Source\PluginProcessor.cpp(84,81): warning C4100: "samplesPerBlock": неиспользованный параметр
2>D:\PROG\PYTHON\MIDI gen\juce_port\juce_project\Source\PluginProcessor.cpp(84,65): warning C4100: "sampleRate": неиспользованный параметр
2>D:\PROG\PYTHON\MIDI gen\juce_port\juce_project\Source\PluginProcessor.cpp(122,109): warning C4100: "midiMessages": неиспользованный параметр
2>D:\PROG\PYTHON\MIDI gen\juce_port\juce_project\Source\PluginProcessor.cpp(145,15): warning C4189: channelData: локальная переменная инициализирована, но не использована
2>D:\PROG\PYTHON\MIDI gen\juce_port\juce_project\Source\PluginProcessor.cpp(162,83): warning C4100: "destData": неиспользованный параметр
2>D:\PROG\PYTHON\MIDI gen\juce_port\juce_project\Source\PluginProcessor.cpp(169,86): warning C4100: "sizeInBytes": неиспользованный параметр
2>D:\PROG\PYTHON\MIDI gen\juce_port\juce_project\Source\PluginProcessor.cpp(169,76): warning C4100: "data": неиспользованный параметр
2>D:\PROG\PYTHON\MIDI gen\juce_port\juce_project\Source\Generators\RandomGenerator.cpp(27,58): warning C4267: аргумент: преобразование из "size_t" в "int"; возможна потеря данных
2>D:\PROG\PYTHON\MIDI gen\juce_port\juce_project\Source\Generators\RandomGenerator.cpp(10,34): warning C4100: "currentBeat": неиспользованный параметр
2>D:\PROG\PYTHON\MIDI gen\juce_port\juce_project\Source\Generators\RandomGenerator.cpp(143,24): error C2662: float juce::Random::nextFloat(void) noexcept: невозможно преобразовать указатель "this" из "const juce::Random" в "juce::Random &"
2>    D:\PROG\PYTHON\MIDI gen\juce_port\juce_project\Source\Generators\RandomGenerator.cpp(143,16):
2>    В результате преобразования теряются квалификаторы
2>    D:\PROG\JUCE\modules\juce_core\maths\juce_Random.h(89,11):
2>     см. объявление "juce::Random::nextFloat"
2>    D:\PROG\PYTHON\MIDI gen\juce_port\juce_project\Source\Generators\RandomGenerator.cpp(143,24):
2>    при попытке сопоставить список аргументов "()"
2>D:\PROG\PYTHON\MIDI gen\juce_port\juce_project\Source\Generators\RandomGenerator.cpp(144,24): error C2662: float juce::Random::nextFloat(void) noexcept: невозможно преобразовать указатель "this" из "const juce::Random" в "juce::Random &"
2>    D:\PROG\PYTHON\MIDI gen\juce_port\juce_project\Source\Generators\RandomGenerator.cpp(144,16):
2>    В результате преобразования теряются квалификаторы
2>    D:\PROG\JUCE\modules\juce_core\maths\juce_Random.h(89,11):
2>     см. объявление "juce::Random::nextFloat"
2>    D:\PROG\PYTHON\MIDI gen\juce_port\juce_project\Source\Generators\RandomGenerator.cpp(144,24):
2>    при попытке сопоставить список аргументов "()"
2>D:\PROG\PYTHON\MIDI gen\juce_port\juce_project\Source\Generators\RandomGenerator.cpp(166,31): error C2663: "juce::Random::nextInt": нет перегруженной функции с допустимым преобразованием для указателя "this"
2>    D:\PROG\JUCE\modules\juce_core\maths\juce_Random.h(79,9):
2>    может быть "int juce::Random::nextInt(juce::Range<int>) noexcept"
2>        D:\PROG\PYTHON\MIDI gen\juce_port\juce_project\Source\Generators\RandomGenerator.cpp(166,31):
2>        int juce::Random::nextInt(juce::Range<int>) noexcept: невозможно преобразовать указатель "this" из "const juce::Random" в "juce::Random &"
2>            D:\PROG\PYTHON\MIDI gen\juce_port\juce_project\Source\Generators\RandomGenerator.cpp(166,23):
2>            В результате преобразования теряются квалификаторы
2>    D:\PROG\JUCE\modules\juce_core\maths\juce_Random.h(74,9):
2>    или       "int juce::Random::nextInt(int) noexcept"
2>        D:\PROG\PYTHON\MIDI gen\juce_port\juce_project\Source\Generators\RandomGenerator.cpp(166,31):
2>        int juce::Random::nextInt(int) noexcept: невозможно преобразовать указатель "this" из "const juce::Random" в "juce::Random &"
2>            D:\PROG\PYTHON\MIDI gen\juce_port\juce_project\Source\Generators\RandomGenerator.cpp(166,23):
2>            В результате преобразования теряются квалификаторы
2>    D:\PROG\PYTHON\MIDI gen\juce_port\juce_project\Source\Generators\RandomGenerator.cpp(166,31):
2>    при попытке сопоставить список аргументов "(int)"
2>include_juce_audio_plugin_client_ARA.cpp
2>include_juce_audio_processors_ara.cpp
2>include_juce_audio_processors_lv2_libs.cpp
2>D:\PROG\PYTHON\MIDI gen\juce_port\juce_project\Source\Tests\HeadlessTestRunner.cpp(14,41): warning C4100: "commandLine": неиспользованный параметр
2>D:\PROG\PYTHON\MIDI gen\juce_port\juce_project\Source\Tests\HeadlessTestRunner.cpp(53,1): error C2338: static_assert failed: 'You are trying to use START_JUCE_APPLICATION in an audio plug-in. Define JUCE_USE_CUSTOM_PLUGIN_STANDALONE_APP=1 if you want to use a custom standalone target app.'
2>include_juce_audio_utils.cpp
2>include_juce_core_CompilationTime.cpp
2>include_juce_data_structures.cpp
2>include_juce_events.cpp
1>Creative MIDI Generator_VST3ManifestHelper.vcxproj -> D:\PROG\PYTHON\MIDI gen\juce_port\juce_project\Builds\VisualStudio2022\x64\Debug\VST3 Manifest Helper\juce_vst3_helper.exe
2>include_juce_graphics_Harfbuzz.cpp
2>include_juce_gui_extra.cpp
2>Сборка проекта "Creative MIDI Generator_SharedCode.vcxproj" завершена с ошибкой.
3>------ Перестроение всех файлов начато: проект: Creative MIDI Generator_VST3, Конфигурация: Debug x64 ------
4>------ Перестроение всех файлов начато: проект: Creative MIDI Generator_StandalonePlugin, Конфигурация: Debug x64 ------
3>Не удается найти D:\PROG\PYTHON\MIDI gen\juce_port\juce_project\Builds\VisualStudio2022\x64\Debug\VST3\Creative MIDI Generator.vst3
3>Не удается найти D:\PROG\PYTHON\MIDI gen\juce_port\juce_project\Builds\VisualStudio2022\x64\Debug\VST3\Creative MIDI Generator.vst3\Contents
3>Не удается найти D:\PROG\PYTHON\MIDI gen\juce_port\juce_project\Builds\VisualStudio2022\x64\Debug\VST3\Creative MIDI Generator.vst3\Contents\x86_64-win
4>include_juce_audio_plugin_client_Standalone.cpp
3>include_juce_audio_plugin_client_VST3.cpp
3>D:\PROG\JUCE\modules\juce_audio_plugin_client\juce_audio_plugin_client_VST3.cpp(96,1): error C1189: #error:  You may have a conflict with parameter automation between VST2 and VST3 versions of your plugin. See the comment above for more details.
3>(компиляция исходного файла "../../JuceLibraryCode/include_juce_audio_plugin_client_VST3.cpp")
3>Сборка проекта "Creative MIDI Generator_VST3.vcxproj" завершена с ошибкой.
4>LINK : fatal error LNK1104: не удается открыть файл "Creative MIDI Generator.lib"
4>Сборка проекта "Creative MIDI Generator_StandalonePlugin.vcxproj" завершена с ошибкой.
========== Перестроить все: успешно - 1, неудачно - 3, пропущено - 0 ==========
========== Перестроить завершено в 18:17 и заняло 01:00,351 мин ==========

